This is pdfTeX, Version 3.141592653-2.6-1.40.27 (TeX Live 2025/nixos.org) (preloaded format=pdflatex 1980.1.1)  2 JAN 2026 20:21
entering extended mode
 \write18 enabled.
 %&-line parsing enabled.
**"/home/molly/repos/cv/Curriculum Vitae - Szymon Kaszuba-Galka"
(/home/molly/repos/cv/Curriculum Vitae - Szymon Kaszuba-Galka.tex
LaTeX2e <2025-06-01> patch level 1
L3 programming layer <2025-06-09>
(./developercv.cls
Document Class: developercv 2019/01/28 Developer CV class v1.0
(/nix/store/v8dz5xyar6kbm6xscb44b18rmd80bci3-texlive-combined-full-2025.20250703-texmfdist/tex/latex/extsizes/extarticle.cls
Document Class: extarticle 1996/10/08 v1.0 Non Standard LaTeX document class
(/nix/store/v8dz5xyar6kbm6xscb44b18rmd80bci3-texlive-combined-full-2025.20250703-texmfdist/tex/latex/extsizes/size9.clo
File: size9.clo 1999/11/11 v1.4a NON-Standard LaTeX file (size option)
) (/nix/store/v8dz5xyar6kbm6xscb44b18rmd80bci3-texlive-combined-full-2025.20250703-texmfdist/tex/latex/base/exscale.sty
Package: exscale 2018/09/24 v2.1i Standard LaTeX package exscale
LaTeX Font Info:    Redeclaring symbol font `largesymbols' on input line 57.
LaTeX Font Info:    Overwriting symbol font `largesymbols' in version `normal'
(Font)                  OMX/cmex/m/n --> OMX/cmex/m/n on input line 57.
LaTeX Font Info:    Overwriting symbol font `largesymbols' in version `bold'
(Font)                  OMX/cmex/m/n --> OMX/cmex/m/n on input line 57.
\big@size=\dimen148
)
\c@part=\count275
\c@section=\count276
\c@subsection=\count277
\c@subsubsection=\count278
\c@paragraph=\count279
\c@subparagraph=\count280
\c@figure=\count281
\c@table=\count282
\abovecaptionskip=\skip49
\belowcaptionskip=\skip50
\bibindent=\dimen149
) (/nix/store/v8dz5xyar6kbm6xscb44b18rmd80bci3-texlive-combined-full-2025.20250703-texmfdist/tex/latex/hyperref/hyperref.sty
Package: hyperref 2025-06-21 v7.01n Hypertext links for LaTeX
 (/nix/store/v8dz5xyar6kbm6xscb44b18rmd80bci3-texlive-combined-full-2025.20250703-texmfdist/tex/generic/iftex/iftex.sty
Package: iftex 2024/12/12 v1.0g TeX engine tests
) (/nix/store/v8dz5xyar6kbm6xscb44b18rmd80bci3-texlive-combined-full-2025.20250703-texmfdist/tex/latex/graphics/keyval.sty
Package: keyval 2022/05/29 v1.15 key=value parser (DPC)
\KV@toks@=\toks17
) (/nix/store/v8dz5xyar6kbm6xscb44b18rmd80bci3-texlive-combined-full-2025.20250703-texmfdist/tex/latex/kvsetkeys/kvsetkeys.sty
Package: kvsetkeys 2022-10-05 v1.19 Key value parser (HO)
) (/nix/store/v8dz5xyar6kbm6xscb44b18rmd80bci3-texlive-combined-full-2025.20250703-texmfdist/tex/generic/kvdefinekeys/kvdefinekeys.sty
Package: kvdefinekeys 2019-12-19 v1.6 Define keys (HO)
) (/nix/store/v8dz5xyar6kbm6xscb44b18rmd80bci3-texlive-combined-full-2025.20250703-texmfdist/tex/generic/pdfescape/pdfescape.sty
Package: pdfescape 2019/12/09 v1.15 Implements pdfTeX's escape features (HO)
 (/nix/store/v8dz5xyar6kbm6xscb44b18rmd80bci3-texlive-combined-full-2025.20250703-texmfdist/tex/generic/ltxcmds/ltxcmds.sty
Package: ltxcmds 2023-12-04 v1.26 LaTeX kernel commands for general use (HO)
) (/nix/store/v8dz5xyar6kbm6xscb44b18rmd80bci3-texlive-combined-full-2025.20250703-texmfdist/tex/generic/pdftexcmds/pdftexcmds.sty
Package: pdftexcmds 2020-06-27 v0.33 Utility functions of pdfTeX for LuaTeX (HO)
 (/nix/store/v8dz5xyar6kbm6xscb44b18rmd80bci3-texlive-combined-full-2025.20250703-texmfdist/tex/generic/infwarerr/infwarerr.sty
Package: infwarerr 2019/12/03 v1.5 Providing info/warning/error messages (HO)
)
Package pdftexcmds Info: \pdf@primitive is available.
Package pdftexcmds Info: \pdf@ifprimitive is available.
Package pdftexcmds Info: \pdfdraftmode found.
)) (/nix/store/v8dz5xyar6kbm6xscb44b18rmd80bci3-texlive-combined-full-2025.20250703-texmfdist/tex/latex/hycolor/hycolor.sty
Package: hycolor 2020-01-27 v1.10 Color options for hyperref/bookmark (HO)
) (/nix/store/v8dz5xyar6kbm6xscb44b18rmd80bci3-texlive-combined-full-2025.20250703-texmfdist/tex/latex/hyperref/nameref.sty
Package: nameref 2025-06-21 v2.57 Cross-referencing by name of section
 (/nix/store/v8dz5xyar6kbm6xscb44b18rmd80bci3-texlive-combined-full-2025.20250703-texmfdist/tex/latex/refcount/refcount.sty
Package: refcount 2019/12/15 v3.6 Data extraction from label references (HO)
) (/nix/store/v8dz5xyar6kbm6xscb44b18rmd80bci3-texlive-combined-full-2025.20250703-texmfdist/tex/generic/gettitlestring/gettitlestring.sty
Package: gettitlestring 2019/12/15 v1.6 Cleanup title references (HO)
 (/nix/store/v8dz5xyar6kbm6xscb44b18rmd80bci3-texlive-combined-full-2025.20250703-texmfdist/tex/latex/kvoptions/kvoptions.sty
Package: kvoptions 2022-06-15 v3.15 Key value format for package options (HO)
))
\c@section@level=\count283
) (/nix/store/v8dz5xyar6kbm6xscb44b18rmd80bci3-texlive-combined-full-2025.20250703-texmfdist/tex/latex/etoolbox/etoolbox.sty
Package: etoolbox 2025/02/11 v2.5l e-TeX tools for LaTeX (JAW)
\etb@tempcnta=\count284
) (/nix/store/v8dz5xyar6kbm6xscb44b18rmd80bci3-texlive-combined-full-2025.20250703-texmfdist/tex/generic/stringenc/stringenc.sty
Package: stringenc 2019/11/29 v1.12 Convert strings between diff. encodings (HO)
)
\@linkdim=\dimen150
\Hy@linkcounter=\count285
\Hy@pagecounter=\count286
 (/nix/store/v8dz5xyar6kbm6xscb44b18rmd80bci3-texlive-combined-full-2025.20250703-texmfdist/tex/latex/hyperref/pd1enc.def
File: pd1enc.def 2025-06-21 v7.01n Hyperref: PDFDocEncoding definition (HO)
Now handling font encoding PD1 ...
... no UTF-8 mapping file for font encoding PD1
) (/nix/store/v8dz5xyar6kbm6xscb44b18rmd80bci3-texlive-combined-full-2025.20250703-texmfdist/tex/generic/intcalc/intcalc.sty
Package: intcalc 2019/12/15 v1.3 Expandable calculations with integers (HO)
)
\Hy@SavedSpaceFactor=\count287
 (/nix/store/v8dz5xyar6kbm6xscb44b18rmd80bci3-texlive-combined-full-2025.20250703-texmfdist/tex/latex/hyperref/puenc.def
File: puenc.def 2025-06-21 v7.01n Hyperref: PDF Unicode definition (HO)
Now handling font encoding PU ...
... no UTF-8 mapping file for font encoding PU
)
Package hyperref Info: Hyper figures OFF on input line 4181.
Package hyperref Info: Link nesting OFF on input line 4186.
Package hyperref Info: Hyper index ON on input line 4189.
Package hyperref Info: Plain pages OFF on input line 4196.
Package hyperref Info: Backreferencing OFF on input line 4201.
Package hyperref Info: Implicit mode ON; LaTeX internals redefined.
Package hyperref Info: Bookmarks ON on input line 4448.
\c@Hy@tempcnt=\count288
 (/nix/store/v8dz5xyar6kbm6xscb44b18rmd80bci3-texlive-combined-full-2025.20250703-texmfdist/tex/latex/url/url.sty
\Urlmuskip=\muskip17
Package: url 2013/09/16  ver 3.4  Verb mode for urls, etc.
)
LaTeX Info: Redefining \url on input line 4787.
\XeTeXLinkMargin=\dimen151
 (/nix/store/v8dz5xyar6kbm6xscb44b18rmd80bci3-texlive-combined-full-2025.20250703-texmfdist/tex/generic/bitset/bitset.sty
Package: bitset 2019/12/09 v1.3 Handle bit-vector datatype (HO)
 (/nix/store/v8dz5xyar6kbm6xscb44b18rmd80bci3-texlive-combined-full-2025.20250703-texmfdist/tex/generic/bigintcalc/bigintcalc.sty
Package: bigintcalc 2019/12/15 v1.5 Expandable calculations on big integers (HO)
))
\Fld@menulength=\count289
\Field@Width=\dimen152
\Fld@charsize=\dimen153
Package hyperref Info: Hyper figures OFF on input line 6066.
Package hyperref Info: Link nesting OFF on input line 6071.
Package hyperref Info: Hyper index ON on input line 6074.
Package hyperref Info: backreferencing OFF on input line 6081.
Package hyperref Info: Link coloring OFF on input line 6086.
Package hyperref Info: Link coloring with OCG OFF on input line 6091.
Package hyperref Info: PDF/A mode OFF on input line 6096.
\Hy@abspage=\count290
\c@Item=\count291
\c@Hfootnote=\count292
)
Package hyperref Info: Driver (autodetected): hpdftex.
 (/nix/store/v8dz5xyar6kbm6xscb44b18rmd80bci3-texlive-combined-full-2025.20250703-texmfdist/tex/latex/hyperref/hpdftex.def
File: hpdftex.def 2025-06-21 v7.01n Hyperref driver for pdfTeX
\Fld@listcount=\count293
\c@bookmark@seq@number=\count294
 (/nix/store/v8dz5xyar6kbm6xscb44b18rmd80bci3-texlive-combined-full-2025.20250703-texmfdist/tex/latex/rerunfilecheck/rerunfilecheck.sty
Package: rerunfilecheck 2025-06-21 v1.11 Rerun checks for auxiliary files (HO)
 (/nix/store/v8dz5xyar6kbm6xscb44b18rmd80bci3-texlive-combined-full-2025.20250703-texmfdist/tex/generic/uniquecounter/uniquecounter.sty
Package: uniquecounter 2019/12/15 v1.4 Provide unlimited unique counter (HO)
)
Package uniquecounter Info: New unique counter `rerunfilecheck' on input line 284.
)
\Hy@SectionHShift=\skip51
) (/nix/store/v8dz5xyar6kbm6xscb44b18rmd80bci3-texlive-combined-full-2025.20250703-texmfdist/tex/latex/moresize/moresize.sty
Package: moresize 1999/07/26 v1.9 (more font sizes)
) (/nix/store/v8dz5xyar6kbm6xscb44b18rmd80bci3-texlive-combined-full-2025.20250703-texmfdist/tex/latex/geometry/geometry.sty
Package: geometry 2020/01/02 v5.9 Page Geometry
 (/nix/store/v8dz5xyar6kbm6xscb44b18rmd80bci3-texlive-combined-full-2025.20250703-texmfdist/tex/generic/iftex/ifvtex.sty
Package: ifvtex 2019/10/25 v1.7 ifvtex legacy package. Use iftex instead.
)
\Gm@cnth=\count295
\Gm@cntv=\count296
\c@Gm@tempcnt=\count297
\Gm@bindingoffset=\dimen154
\Gm@wd@mp=\dimen155
\Gm@odd@mp=\dimen156
\Gm@even@mp=\dimen157
\Gm@layoutwidth=\dimen158
\Gm@layoutheight=\dimen159
\Gm@layouthoffset=\dimen160
\Gm@layoutvoffset=\dimen161
\Gm@dimlist=\toks18
) (/nix/store/v8dz5xyar6kbm6xscb44b18rmd80bci3-texlive-combined-full-2025.20250703-texmfdist/tex/latex/base/inputenc.sty
Package: inputenc 2024/02/08 v1.3d Input encoding file
\inpenc@prehook=\toks19
\inpenc@posthook=\toks20
) (/nix/store/v8dz5xyar6kbm6xscb44b18rmd80bci3-texlive-combined-full-2025.20250703-texmfdist/tex/latex/base/fontenc.sty
Package: fontenc 2024/12/21 v2.1c Standard LaTeX package
) (/nix/store/v8dz5xyar6kbm6xscb44b18rmd80bci3-texlive-combined-full-2025.20250703-texmfdist/tex/latex/raleway/raleway.sty
Package: raleway 2025/04/06 v1.6 Matt McInerney’s Raleway family
 (/nix/store/v8dz5xyar6kbm6xscb44b18rmd80bci3-texlive-combined-full-2025.20250703-texmfdist/tex/generic/iftex/ifxetex.sty
Package: ifxetex 2019/10/25 v0.7 ifxetex legacy package. Use iftex instead.
) (/nix/store/v8dz5xyar6kbm6xscb44b18rmd80bci3-texlive-combined-full-2025.20250703-texmfdist/tex/generic/iftex/ifluatex.sty
Package: ifluatex 2019/10/25 v1.5 ifluatex legacy package. Use iftex instead.
) (/nix/store/v8dz5xyar6kbm6xscb44b18rmd80bci3-texlive-combined-full-2025.20250703-texmfdist/tex/latex/xkeyval/xkeyval.sty
Package: xkeyval 2022/06/16 v2.9 package option processing (HA)
 (/nix/store/v8dz5xyar6kbm6xscb44b18rmd80bci3-texlive-combined-full-2025.20250703-texmfdist/tex/generic/xkeyval/xkeyval.tex (/nix/store/v8dz5xyar6kbm6xscb44b18rmd80bci3-texlive-combined-full-2025.20250703-texmfdist/tex/generic/xkeyval/xkvutils.tex
\XKV@toks=\toks21
\XKV@tempa@toks=\toks22
)
\XKV@depth=\count298
File: xkeyval.tex 2014/12/03 v2.7a key=value parser (HA)
)) (/nix/store/v8dz5xyar6kbm6xscb44b18rmd80bci3-texlive-combined-full-2025.20250703-texmfdist/tex/latex/base/fontenc.sty
Package: fontenc 2024/12/21 v2.1c Standard LaTeX package
 (/nix/store/v8dz5xyar6kbm6xscb44b18rmd80bci3-texlive-combined-full-2025.20250703-texmfdist/tex/latex/ly1/ly1enc.def
File: ly1enc.def 2022/06/11 v0.8 TeX 'n ANSI encoding (DPC/KB)
Now handling font encoding LY1 ...
... processing UTF-8 mapping file for font encoding LY1
 (/nix/store/v8dz5xyar6kbm6xscb44b18rmd80bci3-texlive-combined-full-2025.20250703-texmfdist/tex/latex/base/ly1enc.dfu
File: ly1enc.dfu 2022/06/07 v1.3c UTF-8 support
   defining Unicode char U+00A0 (decimal 160)
   defining Unicode char U+00A1 (decimal 161)
   defining Unicode char U+00A2 (decimal 162)
   defining Unicode char U+00A3 (decimal 163)
   defining Unicode char U+00A4 (decimal 164)
   defining Unicode char U+00A5 (decimal 165)
   defining Unicode char U+00A6 (decimal 166)
   defining Unicode char U+00A7 (decimal 167)
   defining Unicode char U+00AA (decimal 170)
   defining Unicode char U+00AB (decimal 171)
   defining Unicode char U+00AD (decimal 173)
   defining Unicode char U+00AE (decimal 174)
   defining Unicode char U+00B0 (decimal 176)
   defining Unicode char U+00B5 (decimal 181)
   defining Unicode char U+00B6 (decimal 182)
   defining Unicode char U+00B7 (decimal 183)
   defining Unicode char U+00BA (decimal 186)
   defining Unicode char U+00BB (decimal 187)
   defining Unicode char U+00BC (decimal 188)
   defining Unicode char U+00BD (decimal 189)
   defining Unicode char U+00BE (decimal 190)
   defining Unicode char U+00BF (decimal 191)
   defining Unicode char U+00C0 (decimal 192)
   defining Unicode char U+00C1 (decimal 193)
   defining Unicode char U+00C2 (decimal 194)
   defining Unicode char U+00C3 (decimal 195)
   defining Unicode char U+00C4 (decimal 196)
   defining Unicode char U+00C5 (decimal 197)
   defining Unicode char U+00C6 (decimal 198)
   defining Unicode char U+00C7 (decimal 199)
   defining Unicode char U+00C8 (decimal 200)
   defining Unicode char U+00C9 (decimal 201)
   defining Unicode char U+00CA (decimal 202)
   defining Unicode char U+00CB (decimal 203)
   defining Unicode char U+00CC (decimal 204)
   defining Unicode char U+00CD (decimal 205)
   defining Unicode char U+00CE (decimal 206)
   defining Unicode char U+00CF (decimal 207)
   defining Unicode char U+00D0 (decimal 208)
   defining Unicode char U+00D1 (decimal 209)
   defining Unicode char U+00D2 (decimal 210)
   defining Unicode char U+00D3 (decimal 211)
   defining Unicode char U+00D4 (decimal 212)
   defining Unicode char U+00D5 (decimal 213)
   defining Unicode char U+00D6 (decimal 214)
   defining Unicode char U+00D8 (decimal 216)
   defining Unicode char U+00D9 (decimal 217)
   defining Unicode char U+00DA (decimal 218)
   defining Unicode char U+00DB (decimal 219)
   defining Unicode char U+00DC (decimal 220)
   defining Unicode char U+00DD (decimal 221)
   defining Unicode char U+00DE (decimal 222)
   defining Unicode char U+00DF (decimal 223)
   defining Unicode char U+00E0 (decimal 224)
   defining Unicode char U+00E1 (decimal 225)
   defining Unicode char U+00E2 (decimal 226)
   defining Unicode char U+00E3 (decimal 227)
   defining Unicode char U+00E4 (decimal 228)
   defining Unicode char U+00E5 (decimal 229)
   defining Unicode char U+00E6 (decimal 230)
   defining Unicode char U+00E7 (decimal 231)
   defining Unicode char U+00E8 (decimal 232)
   defining Unicode char U+00E9 (decimal 233)
   defining Unicode char U+00EA (decimal 234)
   defining Unicode char U+00EB (decimal 235)
   defining Unicode char U+00EC (decimal 236)
   defining Unicode char U+00ED (decimal 237)
   defining Unicode char U+00EE (decimal 238)
   defining Unicode char U+00EF (decimal 239)
   defining Unicode char U+00F0 (decimal 240)
   defining Unicode char U+00F1 (decimal 241)
   defining Unicode char U+00F2 (decimal 242)
   defining Unicode char U+00F3 (decimal 243)
   defining Unicode char U+00F4 (decimal 244)
   defining Unicode char U+00F5 (decimal 245)
   defining Unicode char U+00F6 (decimal 246)
   defining Unicode char U+00F8 (decimal 248)
   defining Unicode char U+00F9 (decimal 249)
   defining Unicode char U+00FA (decimal 250)
   defining Unicode char U+00FB (decimal 251)
   defining Unicode char U+00FC (decimal 252)
   defining Unicode char U+00FD (decimal 253)
   defining Unicode char U+00FE (decimal 254)
   defining Unicode char U+00FF (decimal 255)
   defining Unicode char U+0131 (decimal 305)
   defining Unicode char U+0141 (decimal 321)
   defining Unicode char U+0142 (decimal 322)
   defining Unicode char U+0152 (decimal 338)
   defining Unicode char U+0153 (decimal 339)
   defining Unicode char U+0160 (decimal 352)
   defining Unicode char U+0161 (decimal 353)
   defining Unicode char U+0174 (decimal 372)
   defining Unicode char U+0175 (decimal 373)
   defining Unicode char U+0176 (decimal 374)
   defining Unicode char U+0177 (decimal 375)
   defining Unicode char U+0178 (decimal 376)
   defining Unicode char U+017D (decimal 381)
   defining Unicode char U+017E (decimal 382)
   defining Unicode char U+0192 (decimal 402)
   defining Unicode char U+0218 (decimal 536)
   defining Unicode char U+0219 (decimal 537)
   defining Unicode char U+021A (decimal 538)
   defining Unicode char U+021B (decimal 539)
   defining Unicode char U+0237 (decimal 567)
   defining Unicode char U+02C6 (decimal 710)
   defining Unicode char U+02DC (decimal 732)
   defining Unicode char U+2013 (decimal 8211)
   defining Unicode char U+2014 (decimal 8212)
   defining Unicode char U+201C (decimal 8220)
   defining Unicode char U+201D (decimal 8221)
   defining Unicode char U+2020 (decimal 8224)
   defining Unicode char U+2021 (decimal 8225)
   defining Unicode char U+2022 (decimal 8226)
   defining Unicode char U+2026 (decimal 8230)
   defining Unicode char U+2030 (decimal 8240)
   defining Unicode char U+2039 (decimal 8249)
   defining Unicode char U+203A (decimal 8250)
   defining Unicode char U+2122 (decimal 8482)
   defining Unicode char U+FB00 (decimal 64256)
   defining Unicode char U+FB01 (decimal 64257)
   defining Unicode char U+FB02 (decimal 64258)
   defining Unicode char U+FB03 (decimal 64259)
   defining Unicode char U+FB04 (decimal 64260)
   defining Unicode char U+FB05 (decimal 64261)
   defining Unicode char U+FB06 (decimal 64262)
)))) (/nix/store/v8dz5xyar6kbm6xscb44b18rmd80bci3-texlive-combined-full-2025.20250703-texmfdist/tex/latex/fontawesome/fontawesome.sty
Package: fontawesome 2016/05/15 v4.6.3.1 font awesome icons
 (/nix/store/v8dz5xyar6kbm6xscb44b18rmd80bci3-texlive-combined-full-2025.20250703-texmfdist/tex/latex/fontawesome/fontawesomesymbols-generic.tex) (/nix/store/v8dz5xyar6kbm6xscb44b18rmd80bci3-texlive-combined-full-2025.20250703-texmfdist/tex/latex/fontawesome/fontawesomesymbols-pdftex.tex)) (/nix/store/v8dz5xyar6kbm6xscb44b18rmd80bci3-texlive-combined-full-2025.20250703-texmfdist/tex/latex/pgf/frontendlayer/tikz.sty (/nix/store/v8dz5xyar6kbm6xscb44b18rmd80bci3-texlive-combined-full-2025.20250703-texmfdist/tex/latex/pgf/basiclayer/pgf.sty (/nix/store/v8dz5xyar6kbm6xscb44b18rmd80bci3-texlive-combined-full-2025.20250703-texmfdist/tex/latex/pgf/utilities/pgfrcs.sty (/nix/store/v8dz5xyar6kbm6xscb44b18rmd80bci3-texlive-combined-full-2025.20250703-texmfdist/tex/generic/pgf/utilities/pgfutil-common.tex
\pgfutil@everybye=\toks23
\pgfutil@tempdima=\dimen162
\pgfutil@tempdimb=\dimen163
) (/nix/store/v8dz5xyar6kbm6xscb44b18rmd80bci3-texlive-combined-full-2025.20250703-texmfdist/tex/generic/pgf/utilities/pgfutil-latex.def
\pgfutil@abb=\box53
) (/nix/store/v8dz5xyar6kbm6xscb44b18rmd80bci3-texlive-combined-full-2025.20250703-texmfdist/tex/generic/pgf/utilities/pgfrcs.code.tex (/nix/store/v8dz5xyar6kbm6xscb44b18rmd80bci3-texlive-combined-full-2025.20250703-texmfdist/tex/generic/pgf/pgf.revision.tex)
Package: pgfrcs 2023-01-15 v3.1.10 (3.1.10)
))
Package: pgf 2023-01-15 v3.1.10 (3.1.10)
 (/nix/store/v8dz5xyar6kbm6xscb44b18rmd80bci3-texlive-combined-full-2025.20250703-texmfdist/tex/latex/pgf/basiclayer/pgfcore.sty (/nix/store/v8dz5xyar6kbm6xscb44b18rmd80bci3-texlive-combined-full-2025.20250703-texmfdist/tex/latex/graphics/graphicx.sty
Package: graphicx 2024/12/31 v1.2e Enhanced LaTeX Graphics (DPC,SPQR)
 (/nix/store/v8dz5xyar6kbm6xscb44b18rmd80bci3-texlive-combined-full-2025.20250703-texmfdist/tex/latex/graphics/graphics.sty
Package: graphics 2024/08/06 v1.4g Standard LaTeX Graphics (DPC,SPQR)
 (/nix/store/v8dz5xyar6kbm6xscb44b18rmd80bci3-texlive-combined-full-2025.20250703-texmfdist/tex/latex/graphics/trig.sty
Package: trig 2023/12/02 v1.11 sin cos tan (DPC)
) (/nix/store/v8dz5xyar6kbm6xscb44b18rmd80bci3-texlive-combined-full-2025.20250703-texmfdist/tex/latex/graphics-cfg/graphics.cfg
File: graphics.cfg 2016/06/04 v1.11 sample graphics configuration
)
Package graphics Info: Driver file: pdftex.def on input line 106.
 (/nix/store/v8dz5xyar6kbm6xscb44b18rmd80bci3-texlive-combined-full-2025.20250703-texmfdist/tex/latex/graphics-def/pdftex.def
File: pdftex.def 2024/04/13 v1.2c Graphics/color driver for pdftex
))
\Gin@req@height=\dimen164
\Gin@req@width=\dimen165
) (/nix/store/v8dz5xyar6kbm6xscb44b18rmd80bci3-texlive-combined-full-2025.20250703-texmfdist/tex/latex/pgf/systemlayer/pgfsys.sty (/nix/store/v8dz5xyar6kbm6xscb44b18rmd80bci3-texlive-combined-full-2025.20250703-texmfdist/tex/generic/pgf/systemlayer/pgfsys.code.tex
Package: pgfsys 2023-01-15 v3.1.10 (3.1.10)
 (/nix/store/v8dz5xyar6kbm6xscb44b18rmd80bci3-texlive-combined-full-2025.20250703-texmfdist/tex/generic/pgf/utilities/pgfkeys.code.tex
\pgfkeys@pathtoks=\toks24
\pgfkeys@temptoks=\toks25
 (/nix/store/v8dz5xyar6kbm6xscb44b18rmd80bci3-texlive-combined-full-2025.20250703-texmfdist/tex/generic/pgf/utilities/pgfkeyslibraryfiltered.code.tex
\pgfkeys@tmptoks=\toks26
))
\pgf@x=\dimen166
\pgf@y=\dimen167
\pgf@xa=\dimen168
\pgf@ya=\dimen169
\pgf@xb=\dimen170
\pgf@yb=\dimen171
\pgf@xc=\dimen172
\pgf@yc=\dimen173
\pgf@xd=\dimen174
\pgf@yd=\dimen175
\w@pgf@writea=\write3
\r@pgf@reada=\read2
\c@pgf@counta=\count299
\c@pgf@countb=\count300
\c@pgf@countc=\count301
\c@pgf@countd=\count302
\t@pgf@toka=\toks27
\t@pgf@tokb=\toks28
\t@pgf@tokc=\toks29
\pgf@sys@id@count=\count303
 (/nix/store/v8dz5xyar6kbm6xscb44b18rmd80bci3-texlive-combined-full-2025.20250703-texmfdist/tex/generic/pgf/systemlayer/pgf.cfg
File: pgf.cfg 2023-01-15 v3.1.10 (3.1.10)
)
Driver file for pgf: pgfsys-pdftex.def
 (/nix/store/v8dz5xyar6kbm6xscb44b18rmd80bci3-texlive-combined-full-2025.20250703-texmfdist/tex/generic/pgf/systemlayer/pgfsys-pdftex.def
File: pgfsys-pdftex.def 2023-01-15 v3.1.10 (3.1.10)
 (/nix/store/v8dz5xyar6kbm6xscb44b18rmd80bci3-texlive-combined-full-2025.20250703-texmfdist/tex/generic/pgf/systemlayer/pgfsys-common-pdf.def
File: pgfsys-common-pdf.def 2023-01-15 v3.1.10 (3.1.10)
))) (/nix/store/v8dz5xyar6kbm6xscb44b18rmd80bci3-texlive-combined-full-2025.20250703-texmfdist/tex/generic/pgf/systemlayer/pgfsyssoftpath.code.tex
File: pgfsyssoftpath.code.tex 2023-01-15 v3.1.10 (3.1.10)
\pgfsyssoftpath@smallbuffer@items=\count304
\pgfsyssoftpath@bigbuffer@items=\count305
) (/nix/store/v8dz5xyar6kbm6xscb44b18rmd80bci3-texlive-combined-full-2025.20250703-texmfdist/tex/generic/pgf/systemlayer/pgfsysprotocol.code.tex
File: pgfsysprotocol.code.tex 2023-01-15 v3.1.10 (3.1.10)
)) (/nix/store/v8dz5xyar6kbm6xscb44b18rmd80bci3-texlive-combined-full-2025.20250703-texmfdist/tex/latex/xcolor/xcolor.sty
Package: xcolor 2024/09/29 v3.02 LaTeX color extensions (UK)
 (/nix/store/v8dz5xyar6kbm6xscb44b18rmd80bci3-texlive-combined-full-2025.20250703-texmfdist/tex/latex/graphics-cfg/color.cfg
File: color.cfg 2016/01/02 v1.6 sample color configuration
)
Package xcolor Info: Driver file: pdftex.def on input line 274.
 (/nix/store/v8dz5xyar6kbm6xscb44b18rmd80bci3-texlive-combined-full-2025.20250703-texmfdist/tex/latex/graphics/mathcolor.ltx)
Package xcolor Info: Model `cmy' substituted by `cmy0' on input line 1349.
Package xcolor Info: Model `hsb' substituted by `rgb' on input line 1353.
Package xcolor Info: Model `RGB' extended on input line 1365.
Package xcolor Info: Model `HTML' substituted by `rgb' on input line 1367.
Package xcolor Info: Model `Hsb' substituted by `hsb' on input line 1368.
Package xcolor Info: Model `tHsb' substituted by `hsb' on input line 1369.
Package xcolor Info: Model `HSB' substituted by `hsb' on input line 1370.
Package xcolor Info: Model `Gray' substituted by `gray' on input line 1371.
Package xcolor Info: Model `wave' substituted by `hsb' on input line 1372.
) (/nix/store/v8dz5xyar6kbm6xscb44b18rmd80bci3-texlive-combined-full-2025.20250703-texmfdist/tex/generic/pgf/basiclayer/pgfcore.code.tex
Package: pgfcore 2023-01-15 v3.1.10 (3.1.10)
 (/nix/store/v8dz5xyar6kbm6xscb44b18rmd80bci3-texlive-combined-full-2025.20250703-texmfdist/tex/generic/pgf/math/pgfmath.code.tex (/nix/store/v8dz5xyar6kbm6xscb44b18rmd80bci3-texlive-combined-full-2025.20250703-texmfdist/tex/generic/pgf/math/pgfmathutil.code.tex) (/nix/store/v8dz5xyar6kbm6xscb44b18rmd80bci3-texlive-combined-full-2025.20250703-texmfdist/tex/generic/pgf/math/pgfmathparser.code.tex
\pgfmath@dimen=\dimen176
\pgfmath@count=\count306
\pgfmath@box=\box54
\pgfmath@toks=\toks30
\pgfmath@stack@operand=\toks31
\pgfmath@stack@operation=\toks32
) (/nix/store/v8dz5xyar6kbm6xscb44b18rmd80bci3-texlive-combined-full-2025.20250703-texmfdist/tex/generic/pgf/math/pgfmathfunctions.code.tex) (/nix/store/v8dz5xyar6kbm6xscb44b18rmd80bci3-texlive-combined-full-2025.20250703-texmfdist/tex/generic/pgf/math/pgfmathfunctions.basic.code.tex) (/nix/store/v8dz5xyar6kbm6xscb44b18rmd80bci3-texlive-combined-full-2025.20250703-texmfdist/tex/generic/pgf/math/pgfmathfunctions.trigonometric.code.tex) (/nix/store/v8dz5xyar6kbm6xscb44b18rmd80bci3-texlive-combined-full-2025.20250703-texmfdist/tex/generic/pgf/math/pgfmathfunctions.random.code.tex)
(/nix/store/v8dz5xyar6kbm6xscb44b18rmd80bci3-texlive-combined-full-2025.20250703-texmfdist/tex/generic/pgf/math/pgfmathfunctions.comparison.code.tex) (/nix/store/v8dz5xyar6kbm6xscb44b18rmd80bci3-texlive-combined-full-2025.20250703-texmfdist/tex/generic/pgf/math/pgfmathfunctions.base.code.tex) (/nix/store/v8dz5xyar6kbm6xscb44b18rmd80bci3-texlive-combined-full-2025.20250703-texmfdist/tex/generic/pgf/math/pgfmathfunctions.round.code.tex) (/nix/store/v8dz5xyar6kbm6xscb44b18rmd80bci3-texlive-combined-full-2025.20250703-texmfdist/tex/generic/pgf/math/pgfmathfunctions.misc.code.tex) (/nix/store/v8dz5xyar6kbm6xscb44b18rmd80bci3-texlive-combined-full-2025.20250703-texmfdist/tex/generic/pgf/math/pgfmathfunctions.integerarithmetics.code.tex) (/nix/store/v8dz5xyar6kbm6xscb44b18rmd80bci3-texlive-combined-full-2025.20250703-texmfdist/tex/generic/pgf/math/pgfmathcalc.code.tex) (/nix/store/v8dz5xyar6kbm6xscb44b18rmd80bci3-texlive-combined-full-2025.20250703-texmfdist/tex/generic/pgf/math/pgfmathfloat.code.tex
\c@pgfmathroundto@lastzeros=\count307
)) (/nix/store/v8dz5xyar6kbm6xscb44b18rmd80bci3-texlive-combined-full-2025.20250703-texmfdist/tex/generic/pgf/math/pgfint.code.tex) (/nix/store/v8dz5xyar6kbm6xscb44b18rmd80bci3-texlive-combined-full-2025.20250703-texmfdist/tex/generic/pgf/basiclayer/pgfcorepoints.code.tex
File: pgfcorepoints.code.tex 2023-01-15 v3.1.10 (3.1.10)
\pgf@picminx=\dimen177
\pgf@picmaxx=\dimen178
\pgf@picminy=\dimen179
\pgf@picmaxy=\dimen180
\pgf@pathminx=\dimen181
\pgf@pathmaxx=\dimen182
\pgf@pathminy=\dimen183
\pgf@pathmaxy=\dimen184
\pgf@xx=\dimen185
\pgf@xy=\dimen186
\pgf@yx=\dimen187
\pgf@yy=\dimen188
\pgf@zx=\dimen189
\pgf@zy=\dimen190
) (/nix/store/v8dz5xyar6kbm6xscb44b18rmd80bci3-texlive-combined-full-2025.20250703-texmfdist/tex/generic/pgf/basiclayer/pgfcorepathconstruct.code.tex
File: pgfcorepathconstruct.code.tex 2023-01-15 v3.1.10 (3.1.10)
\pgf@path@lastx=\dimen191
\pgf@path@lasty=\dimen192
) (/nix/store/v8dz5xyar6kbm6xscb44b18rmd80bci3-texlive-combined-full-2025.20250703-texmfdist/tex/generic/pgf/basiclayer/pgfcorepathusage.code.tex
File: pgfcorepathusage.code.tex 2023-01-15 v3.1.10 (3.1.10)
\pgf@shorten@end@additional=\dimen193
\pgf@shorten@start@additional=\dimen194
) (/nix/store/v8dz5xyar6kbm6xscb44b18rmd80bci3-texlive-combined-full-2025.20250703-texmfdist/tex/generic/pgf/basiclayer/pgfcorescopes.code.tex
File: pgfcorescopes.code.tex 2023-01-15 v3.1.10 (3.1.10)
\pgfpic=\box55
\pgf@hbox=\box56
\pgf@layerbox@main=\box57
\pgf@picture@serial@count=\count308
) (/nix/store/v8dz5xyar6kbm6xscb44b18rmd80bci3-texlive-combined-full-2025.20250703-texmfdist/tex/generic/pgf/basiclayer/pgfcoregraphicstate.code.tex
File: pgfcoregraphicstate.code.tex 2023-01-15 v3.1.10 (3.1.10)
\pgflinewidth=\dimen195
) (/nix/store/v8dz5xyar6kbm6xscb44b18rmd80bci3-texlive-combined-full-2025.20250703-texmfdist/tex/generic/pgf/basiclayer/pgfcoretransformations.code.tex
File: pgfcoretransformations.code.tex 2023-01-15 v3.1.10 (3.1.10)
\pgf@pt@x=\dimen196
\pgf@pt@y=\dimen197
\pgf@pt@temp=\dimen198
) (/nix/store/v8dz5xyar6kbm6xscb44b18rmd80bci3-texlive-combined-full-2025.20250703-texmfdist/tex/generic/pgf/basiclayer/pgfcorequick.code.tex
File: pgfcorequick.code.tex 2023-01-15 v3.1.10 (3.1.10)
) (/nix/store/v8dz5xyar6kbm6xscb44b18rmd80bci3-texlive-combined-full-2025.20250703-texmfdist/tex/generic/pgf/basiclayer/pgfcoreobjects.code.tex
File: pgfcoreobjects.code.tex 2023-01-15 v3.1.10 (3.1.10)
) (/nix/store/v8dz5xyar6kbm6xscb44b18rmd80bci3-texlive-combined-full-2025.20250703-texmfdist/tex/generic/pgf/basiclayer/pgfcorepathprocessing.code.tex
File: pgfcorepathprocessing.code.tex 2023-01-15 v3.1.10 (3.1.10)
) (/nix/store/v8dz5xyar6kbm6xscb44b18rmd80bci3-texlive-combined-full-2025.20250703-texmfdist/tex/generic/pgf/basiclayer/pgfcorearrows.code.tex
File: pgfcorearrows.code.tex 2023-01-15 v3.1.10 (3.1.10)
\pgfarrowsep=\dimen199
) (/nix/store/v8dz5xyar6kbm6xscb44b18rmd80bci3-texlive-combined-full-2025.20250703-texmfdist/tex/generic/pgf/basiclayer/pgfcoreshade.code.tex
File: pgfcoreshade.code.tex 2023-01-15 v3.1.10 (3.1.10)
\pgf@max=\dimen256
\pgf@sys@shading@range@num=\count309
\pgf@shadingcount=\count310
) (/nix/store/v8dz5xyar6kbm6xscb44b18rmd80bci3-texlive-combined-full-2025.20250703-texmfdist/tex/generic/pgf/basiclayer/pgfcoreimage.code.tex
File: pgfcoreimage.code.tex 2023-01-15 v3.1.10 (3.1.10)
) (/nix/store/v8dz5xyar6kbm6xscb44b18rmd80bci3-texlive-combined-full-2025.20250703-texmfdist/tex/generic/pgf/basiclayer/pgfcoreexternal.code.tex
File: pgfcoreexternal.code.tex 2023-01-15 v3.1.10 (3.1.10)
\pgfexternal@startupbox=\box58
) (/nix/store/v8dz5xyar6kbm6xscb44b18rmd80bci3-texlive-combined-full-2025.20250703-texmfdist/tex/generic/pgf/basiclayer/pgfcorelayers.code.tex
File: pgfcorelayers.code.tex 2023-01-15 v3.1.10 (3.1.10)
) (/nix/store/v8dz5xyar6kbm6xscb44b18rmd80bci3-texlive-combined-full-2025.20250703-texmfdist/tex/generic/pgf/basiclayer/pgfcoretransparency.code.tex
File: pgfcoretransparency.code.tex 2023-01-15 v3.1.10 (3.1.10)
) (/nix/store/v8dz5xyar6kbm6xscb44b18rmd80bci3-texlive-combined-full-2025.20250703-texmfdist/tex/generic/pgf/basiclayer/pgfcorepatterns.code.tex
File: pgfcorepatterns.code.tex 2023-01-15 v3.1.10 (3.1.10)
) (/nix/store/v8dz5xyar6kbm6xscb44b18rmd80bci3-texlive-combined-full-2025.20250703-texmfdist/tex/generic/pgf/basiclayer/pgfcorerdf.code.tex
File: pgfcorerdf.code.tex 2023-01-15 v3.1.10 (3.1.10)
))) (/nix/store/v8dz5xyar6kbm6xscb44b18rmd80bci3-texlive-combined-full-2025.20250703-texmfdist/tex/generic/pgf/modules/pgfmoduleshapes.code.tex
File: pgfmoduleshapes.code.tex 2023-01-15 v3.1.10 (3.1.10)
\pgfnodeparttextbox=\box59
) (/nix/store/v8dz5xyar6kbm6xscb44b18rmd80bci3-texlive-combined-full-2025.20250703-texmfdist/tex/generic/pgf/modules/pgfmoduleplot.code.tex
File: pgfmoduleplot.code.tex 2023-01-15 v3.1.10 (3.1.10)
) (/nix/store/v8dz5xyar6kbm6xscb44b18rmd80bci3-texlive-combined-full-2025.20250703-texmfdist/tex/latex/pgf/compatibility/pgfcomp-version-0-65.sty
Package: pgfcomp-version-0-65 2023-01-15 v3.1.10 (3.1.10)
\pgf@nodesepstart=\dimen257
\pgf@nodesepend=\dimen258
) (/nix/store/v8dz5xyar6kbm6xscb44b18rmd80bci3-texlive-combined-full-2025.20250703-texmfdist/tex/latex/pgf/compatibility/pgfcomp-version-1-18.sty
Package: pgfcomp-version-1-18 2023-01-15 v3.1.10 (3.1.10)
)) (/nix/store/v8dz5xyar6kbm6xscb44b18rmd80bci3-texlive-combined-full-2025.20250703-texmfdist/tex/latex/pgf/utilities/pgffor.sty (/nix/store/v8dz5xyar6kbm6xscb44b18rmd80bci3-texlive-combined-full-2025.20250703-texmfdist/tex/latex/pgf/utilities/pgfkeys.sty (/nix/store/v8dz5xyar6kbm6xscb44b18rmd80bci3-texlive-combined-full-2025.20250703-texmfdist/tex/generic/pgf/utilities/pgfkeys.code.tex)) (/nix/store/v8dz5xyar6kbm6xscb44b18rmd80bci3-texlive-combined-full-2025.20250703-texmfdist/tex/latex/pgf/math/pgfmath.sty (/nix/store/v8dz5xyar6kbm6xscb44b18rmd80bci3-texlive-combined-full-2025.20250703-texmfdist/tex/generic/pgf/math/pgfmath.code.tex)) (/nix/store/v8dz5xyar6kbm6xscb44b18rmd80bci3-texlive-combined-full-2025.20250703-texmfdist/tex/generic/pgf/utilities/pgffor.code.tex
Package: pgffor 2023-01-15 v3.1.10 (3.1.10)
\pgffor@iter=\dimen259
\pgffor@skip=\dimen260
\pgffor@stack=\toks33
\pgffor@toks=\toks34
)) (/nix/store/v8dz5xyar6kbm6xscb44b18rmd80bci3-texlive-combined-full-2025.20250703-texmfdist/tex/generic/pgf/frontendlayer/tikz/tikz.code.tex
Package: tikz 2023-01-15 v3.1.10 (3.1.10)
 (/nix/store/v8dz5xyar6kbm6xscb44b18rmd80bci3-texlive-combined-full-2025.20250703-texmfdist/tex/generic/pgf/libraries/pgflibraryplothandlers.code.tex
File: pgflibraryplothandlers.code.tex 2023-01-15 v3.1.10 (3.1.10)
\pgf@plot@mark@count=\count311
\pgfplotmarksize=\dimen261
)
\tikz@lastx=\dimen262
\tikz@lasty=\dimen263
\tikz@lastxsaved=\dimen264
\tikz@lastysaved=\dimen265
\tikz@lastmovetox=\dimen266
\tikz@lastmovetoy=\dimen267
\tikzleveldistance=\dimen268
\tikzsiblingdistance=\dimen269
\tikz@figbox=\box60
\tikz@figbox@bg=\box61
\tikz@tempbox=\box62
\tikz@tempbox@bg=\box63
\tikztreelevel=\count312
\tikznumberofchildren=\count313
\tikznumberofcurrentchild=\count314
\tikz@fig@count=\count315
 (/nix/store/v8dz5xyar6kbm6xscb44b18rmd80bci3-texlive-combined-full-2025.20250703-texmfdist/tex/generic/pgf/modules/pgfmodulematrix.code.tex
File: pgfmodulematrix.code.tex 2023-01-15 v3.1.10 (3.1.10)
\pgfmatrixcurrentrow=\count316
\pgfmatrixcurrentcolumn=\count317
\pgf@matrix@numberofcolumns=\count318
)
\tikz@expandcount=\count319
 (/nix/store/v8dz5xyar6kbm6xscb44b18rmd80bci3-texlive-combined-full-2025.20250703-texmfdist/tex/generic/pgf/frontendlayer/tikz/libraries/tikzlibrarytopaths.code.tex
File: tikzlibrarytopaths.code.tex 2023-01-15 v3.1.10 (3.1.10)
))) (/nix/store/v8dz5xyar6kbm6xscb44b18rmd80bci3-texlive-combined-full-2025.20250703-texmfdist/tex/generic/pgf/frontendlayer/tikz/libraries/tikzlibraryshapes.code.tex
File: tikzlibraryshapes.code.tex 2023-01-15 v3.1.10 (3.1.10)
 (/nix/store/v8dz5xyar6kbm6xscb44b18rmd80bci3-texlive-combined-full-2025.20250703-texmfdist/tex/generic/pgf/frontendlayer/tikz/libraries/tikzlibraryshapes.geometric.code.tex
File: tikzlibraryshapes.geometric.code.tex 2023-01-15 v3.1.10 (3.1.10)
 (/nix/store/v8dz5xyar6kbm6xscb44b18rmd80bci3-texlive-combined-full-2025.20250703-texmfdist/tex/generic/pgf/libraries/shapes/pgflibraryshapes.geometric.code.tex
File: pgflibraryshapes.geometric.code.tex 2023-01-15 v3.1.10 (3.1.10)
)) (/nix/store/v8dz5xyar6kbm6xscb44b18rmd80bci3-texlive-combined-full-2025.20250703-texmfdist/tex/generic/pgf/frontendlayer/tikz/libraries/tikzlibraryshapes.misc.code.tex
File: tikzlibraryshapes.misc.code.tex 2023-01-15 v3.1.10 (3.1.10)
 (/nix/store/v8dz5xyar6kbm6xscb44b18rmd80bci3-texlive-combined-full-2025.20250703-texmfdist/tex/generic/pgf/libraries/shapes/pgflibraryshapes.misc.code.tex
File: pgflibraryshapes.misc.code.tex 2023-01-15 v3.1.10 (3.1.10)
)) (/nix/store/v8dz5xyar6kbm6xscb44b18rmd80bci3-texlive-combined-full-2025.20250703-texmfdist/tex/generic/pgf/frontendlayer/tikz/libraries/tikzlibraryshapes.symbols.code.tex
File: tikzlibraryshapes.symbols.code.tex 2023-01-15 v3.1.10 (3.1.10)
 (/nix/store/v8dz5xyar6kbm6xscb44b18rmd80bci3-texlive-combined-full-2025.20250703-texmfdist/tex/generic/pgf/libraries/shapes/pgflibraryshapes.symbols.code.tex
File: pgflibraryshapes.symbols.code.tex 2023-01-15 v3.1.10 (3.1.10)
)) (/nix/store/v8dz5xyar6kbm6xscb44b18rmd80bci3-texlive-combined-full-2025.20250703-texmfdist/tex/generic/pgf/frontendlayer/tikz/libraries/tikzlibraryshapes.arrows.code.tex
File: tikzlibraryshapes.arrows.code.tex 2023-01-15 v3.1.10 (3.1.10)
 (/nix/store/v8dz5xyar6kbm6xscb44b18rmd80bci3-texlive-combined-full-2025.20250703-texmfdist/tex/generic/pgf/libraries/shapes/pgflibraryshapes.arrows.code.tex
File: pgflibraryshapes.arrows.code.tex 2023-01-15 v3.1.10 (3.1.10)
)) (/nix/store/v8dz5xyar6kbm6xscb44b18rmd80bci3-texlive-combined-full-2025.20250703-texmfdist/tex/generic/pgf/frontendlayer/tikz/libraries/tikzlibraryshapes.callouts.code.tex (/nix/store/v8dz5xyar6kbm6xscb44b18rmd80bci3-texlive-combined-full-2025.20250703-texmfdist/tex/generic/pgf/libraries/shapes/pgflibraryshapes.callouts.code.tex)) (/nix/store/v8dz5xyar6kbm6xscb44b18rmd80bci3-texlive-combined-full-2025.20250703-texmfdist/tex/generic/pgf/frontendlayer/tikz/libraries/tikzlibraryshapes.multipart.code.tex
File: tikzlibraryshapes.multipart.code.tex 2023-01-15 v3.1.10 (3.1.10)
 (/nix/store/v8dz5xyar6kbm6xscb44b18rmd80bci3-texlive-combined-full-2025.20250703-texmfdist/tex/generic/pgf/libraries/shapes/pgflibraryshapes.multipart.code.tex
File: pgflibraryshapes.multipart.code.tex 2023-01-15 v3.1.10 (3.1.10)
\pgfnodepartlowerbox=\box64
\pgfnodeparttwobox=\box65
\pgfnodepartthreebox=\box66
\pgfnodepartfourbox=\box67
\pgfnodeparttwentybox=\box68
\pgfnodepartnineteenbox=\box69
\pgfnodeparteighteenbox=\box70
\pgfnodepartseventeenbox=\box71
\pgfnodepartsixteenbox=\box72
\pgfnodepartfifteenbox=\box73
\pgfnodepartfourteenbox=\box74
\pgfnodepartthirteenbox=\box75
\pgfnodeparttwelvebox=\box76
\pgfnodepartelevenbox=\box77
\pgfnodeparttenbox=\box78
\pgfnodepartninebox=\box79
\pgfnodeparteightbox=\box80
\pgfnodepartsevenbox=\box81
\pgfnodepartsixbox=\box82
\pgfnodepartfivebox=\box83
))) (/nix/store/v8dz5xyar6kbm6xscb44b18rmd80bci3-texlive-combined-full-2025.20250703-texmfdist/tex/generic/pgf/frontendlayer/tikz/libraries/tikzlibrarybackgrounds.code.tex
File: tikzlibrarybackgrounds.code.tex 2023-01-15 v3.1.10 (3.1.10)
\pgf@layerbox@background=\box84
\pgf@layerboxsaved@background=\box85
)
\c@barcount=\count320
\c@a=\count321
\c@b=\count322
\c@c=\count323
 (/nix/store/v8dz5xyar6kbm6xscb44b18rmd80bci3-texlive-combined-full-2025.20250703-texmfdist/tex/latex/tools/longtable.sty
Package: longtable 2024-12-18 v4.23 Multi-page Table package (DPC)
\LTleft=\skip52
\LTright=\skip53
\LTpre=\skip54
\LTpost=\skip55
\LTchunksize=\count324
\LTcapwidth=\dimen270
\LT@head=\box86
\LT@firsthead=\box87
\LT@foot=\box88
\LT@lastfoot=\box89
\LT@gbox=\box90
\LT@cols=\count325
\LT@rows=\count326
\c@LT@tables=\count327
\c@LT@chunks=\count328
\LT@p@ftn=\toks35
))
LaTeX Font Info:    Trying to load font information for T1+Raleway-OsF on input line 28.
 (/nix/store/v8dz5xyar6kbm6xscb44b18rmd80bci3-texlive-combined-full-2025.20250703-texmfdist/tex/latex/raleway/T1Raleway-OsF.fd
File: T1Raleway-OsF.fd 2025/04/09 (autoinst) Font definitions for T1/Raleway-OsF.
)
LaTeX Font Info:    Font shape `T1/Raleway-OsF/regular/n' aliased to
(Font)              `T1/Raleway-OsF/m/n' on input line 28.
LaTeX Font Info:    Font shape `T1/Raleway-OsF/m/n' will be
(Font)              scaled to size 9.0pt on input line 28.
 (/nix/store/v8dz5xyar6kbm6xscb44b18rmd80bci3-texlive-combined-full-2025.20250703-texmfdist/tex/latex/l3backend/l3backend-pdftex.def
File: l3backend-pdftex.def 2025-06-09 L3 backend support: PDF output (pdfTeX)
\l__color_backend_stack_int=\count329
) (./Curriculum Vitae - Szymon Kaszuba-Galka.aux)
\openout1 = `"Curriculum Vitae - Szymon Kaszuba-Galka.aux"'.

LaTeX Font Info:    Checking defaults for OML/cmm/m/it on input line 28.
LaTeX Font Info:    ... okay on input line 28.
LaTeX Font Info:    Checking defaults for OMS/cmsy/m/n on input line 28.
LaTeX Font Info:    ... okay on input line 28.
LaTeX Font Info:    Checking defaults for OT1/cmr/m/n on input line 28.
LaTeX Font Info:    ... okay on input line 28.
LaTeX Font Info:    Checking defaults for T1/cmr/m/n on input line 28.
LaTeX Font Info:    ... okay on input line 28.
LaTeX Font Info:    Checking defaults for TS1/cmr/m/n on input line 28.
LaTeX Font Info:    ... okay on input line 28.
LaTeX Font Info:    Checking defaults for OMX/cmex/m/n on input line 28.
LaTeX Font Info:    ... okay on input line 28.
LaTeX Font Info:    Checking defaults for U/cmr/m/n on input line 28.
LaTeX Font Info:    ... okay on input line 28.
LaTeX Font Info:    Checking defaults for PD1/pdf/m/n on input line 28.
LaTeX Font Info:    ... okay on input line 28.
LaTeX Font Info:    Checking defaults for PU/pdf/m/n on input line 28.
LaTeX Font Info:    ... okay on input line 28.
LaTeX Font Info:    Checking defaults for LY1/ptm/m/n on input line 28.
LaTeX Font Info:    Trying to load font information for LY1+ptm on input line 28.
 (/nix/store/v8dz5xyar6kbm6xscb44b18rmd80bci3-texlive-combined-full-2025.20250703-texmfdist/tex/latex/ly1/ly1ptm.fd
File: ly1ptm.fd 2001/02/01 font definitions for LY1/ptm using Berry names.
)
LaTeX Font Info:    ... okay on input line 28.
Package hyperref Info: Link coloring OFF on input line 28.
 (./Curriculum Vitae - Szymon Kaszuba-Galka.out) (./Curriculum Vitae - Szymon Kaszuba-Galka.out)
\@outlinefile=\write4
\openout4 = `"Curriculum Vitae - Szymon Kaszuba-Galka.out"'.


*geometry* driver: auto-detecting
*geometry* detected driver: pdftex
*geometry* verbose mode - [ preamble ] result:
* driver: pdftex
* paper: a4paper
* layout: <same size as paper>
* layoutoffset:(h,v)=(0.0pt,0.0pt)
* modes: 
* h-part:(L,W,R)=(56.9055pt, 483.69687pt, 56.9055pt)
* v-part:(T,H,B)=(49.79231pt, 745.46222pt, 49.79231pt)
* \paperwidth=597.50787pt
* \paperheight=845.04684pt
* \textwidth=483.69687pt
* \textheight=745.46222pt
* \oddsidemargin=-15.36449pt
* \evensidemargin=-15.36449pt
* \topmargin=-58.0436pt
* \headheight=21.33955pt
* \headsep=14.22636pt
* \topskip=9.0pt
* \footskip=28.45274pt
* \marginparwidth=74.0pt
* \marginparsep=10.0pt
* \columnsep=10.0pt
* \skip\footins=8.0pt plus 4.0pt minus 2.0pt
* \hoffset=0.0pt
* \voffset=0.0pt
* \mag=1000
* \@twocolumnfalse
* \@twosidefalse
* \@mparswitchfalse
* \@reversemarginfalse
* (1in=72.27pt=25.4mm, 1cm=28.453pt)

(/nix/store/v8dz5xyar6kbm6xscb44b18rmd80bci3-texlive-combined-full-2025.20250703-texmfdist/tex/context/base/mkii/supp-pdf.mkii
[Loading MPS to PDF converter (version 2006.09.02).]
\scratchcounter=\count330
\scratchdimen=\dimen271
\scratchbox=\box91
\nofMPsegments=\count331
\nofMParguments=\count332
\everyMPshowfont=\toks36
\MPscratchCnt=\count333
\MPscratchDim=\dimen272
\MPnumerator=\count334
\makeMPintoPDFobject=\count335
\everyMPtoPDFconversion=\toks37
) (/nix/store/v8dz5xyar6kbm6xscb44b18rmd80bci3-texlive-combined-full-2025.20250703-texmfdist/tex/latex/epstopdf-pkg/epstopdf-base.sty
Package: epstopdf-base 2020-01-24 v2.11 Base part for package epstopdf
Package epstopdf-base Info: Redefining graphics rule for `.eps' on input line 485.
 (/nix/store/v8dz5xyar6kbm6xscb44b18rmd80bci3-texlive-combined-full-2025.20250703-texmfdist/tex/latex/latexconfig/epstopdf-sys.cfg
File: epstopdf-sys.cfg 2010/07/13 v1.3 Configuration of (r)epstopdf for TeX Live
))
LaTeX Font Info:    Font shape `T1/Raleway-OsF/regular/n' aliased to
(Font)              `T1/Raleway-OsF/m/n' on input line 39.
LaTeX Font Info:    Font shape `T1/Raleway-OsF/m/n' will be
(Font)              scaled to size 29.86pt on input line 39.
LaTeX Font Info:    Font shape `T1/Raleway-OsF/bold/n' aliased to
(Font)              `T1/Raleway-OsF/b/n' on input line 39.
LaTeX Font Info:    Font shape `T1/Raleway-OsF/b/n' will be
(Font)              scaled to size 29.86pt on input line 39.
LaTeX Font Info:    Font shape `T1/Raleway-OsF/regular/n' aliased to
(Font)              `T1/Raleway-OsF/m/n' on input line 47.
LaTeX Font Info:    Font shape `T1/Raleway-OsF/m/n' will be
(Font)              scaled to size 14.4pt on input line 47.
LaTeX Font Info:    Font shape `T1/Raleway-OsF/regular/n' aliased to
(Font)              `T1/Raleway-OsF/m/n' on input line 56.
LaTeX Font Info:    Font shape `T1/Raleway-OsF/m/n' will be
(Font)              scaled to size 10.0pt on input line 56.
LaTeX Font Info:    Trying to load font information for U+fontawesometwo on input line 56.
 (/nix/store/v8dz5xyar6kbm6xscb44b18rmd80bci3-texlive-combined-full-2025.20250703-texmfdist/tex/latex/fontawesome/ufontawesometwo.fd
File: ufontawesometwo.fd 2016/05/22 Font definitions for U/fontawesometwo.
)

LaTeX Font Warning: Font shape `U/fontawesometwo/regular/n' undefined
(Font)              using `U/fontawesometwo/m/n' instead on input line 56.

LaTeX Font Info:    External font `cmex7' loaded for size
(Font)              <6> on input line 56.
LaTeX Font Info:    External font `cmex7' loaded for size
(Font)              <5> on input line 56.
LaTeX Font Info:    Trying to load font information for U+fontawesomeone on input line 58.
(/nix/store/v8dz5xyar6kbm6xscb44b18rmd80bci3-texlive-combined-full-2025.20250703-texmfdist/tex/latex/fontawesome/ufontawesomeone.fd
File: ufontawesomeone.fd 2016/05/22 Font definitions for U/fontawesomeone.
)

LaTeX Font Warning: Font shape `U/fontawesomeone/regular/n' undefined
(Font)              using `U/fontawesomeone/m/n' instead on input line 58.


Overfull \hbox (25.91536pt too wide) in paragraph at lines 56--61
[]$ $[]$ 
 []


Underfull \hbox (badness 10000) in paragraph at lines 56--61

 []

LaTeX Font Info:    Font shape `T1/Raleway-OsF/bold/n' aliased to
(Font)              `T1/Raleway-OsF/b/n' on input line 73.
LaTeX Font Info:    Font shape `T1/Raleway-OsF/b/n' will be
(Font)              scaled to size 9.0pt on input line 73.

Underfull \hbox (badness 10000) in paragraph at lines 73--74

 []


Underfull \hbox (badness 10000) in paragraph at lines 80--81

 []


Underfull \hbox (badness 10000) in paragraph at lines 99--100

 []


Underfull \hbox (badness 10000) in paragraph at lines 101--104
[]\T1/Raleway-OsF/m/n/9 Typescript, Golang, Python, An-gu-lar, Nest.js,
 []


Underfull \hbox (badness 2990) in paragraph at lines 101--104
\T1/Raleway-OsF/m/n/9 Ax-ios, Post-greSQL, We-b-Com-po-nents, AWS, Jest,
 []


Underfull \hbox (badness 10000) in paragraph at lines 108--109

 []


Underfull \hbox (badness 1043) in paragraph at lines 110--111
\T1/Raleway-OsF/m/n/9 C-Sharp, Golang, React-native, Re-act, Tauri, Ionic
 []


Underfull \hbox (badness 10000) in paragraph at lines 120--121

 []

LaTeX Font Info:    Font shape `T1/Raleway-OsF/regular/n' aliased to
(Font)              `T1/Raleway-OsF/m/n' on input line 127.
LaTeX Font Info:    Font shape `T1/Raleway-OsF/m/n' will be
(Font)              scaled to size 7.0pt on input line 127.
LaTeX Font Info:    Font shape `T1/Raleway-OsF/bold/n' aliased to
(Font)              `T1/Raleway-OsF/b/n' on input line 127.
LaTeX Font Info:    Font shape `T1/Raleway-OsF/b/n' will be
(Font)              scaled to size 7.0pt on input line 127.
[1

{/nix/store/kb1l145zi65pql8jdjc9wxqh52zpj87x-texlive-combined-full-2025.20250703/share/texmf-var/fonts/map/pdftex/updmap/pdftex.map}{/nix/store/v8dz5xyar6kbm6xscb44b18rmd80bci3-texlive-combined-full-2025.20250703-texmfdist/fonts/enc/dvips/raleway/a_itoun2.enc}{/nix/store/v8dz5xyar6kbm6xscb44b18rmd80bci3-texlive-combined-full-2025.20250703-texmfdist/fonts/enc/dvips/fontawesome/fontawesometwo.enc}{/nix/store/v8dz5xyar6kbm6xscb44b18rmd80bci3-texlive-combined-full-2025.20250703-texmfdist/fonts/enc/dvips/fontawesome/fontawesomeone.enc}]
Underfull \hbox (badness 10000) in paragraph at lines 159--160

 []


Underfull \hbox (badness 10000) in paragraph at lines 170--171

 []

LaTeX Font Info:    Trying to load font information for TS1+Raleway-OsF on input line 172.
(/nix/store/v8dz5xyar6kbm6xscb44b18rmd80bci3-texlive-combined-full-2025.20250703-texmfdist/tex/latex/raleway/TS1Raleway-OsF.fd
File: TS1Raleway-OsF.fd 2025/04/09 (autoinst) Font definitions for TS1/Raleway-OsF.
)
LaTeX Font Info:    Font shape `TS1/Raleway-OsF/regular/n' aliased to
(Font)              `TS1/Raleway-OsF/m/n' on input line 172.
LaTeX Font Info:    Font shape `TS1/Raleway-OsF/m/n' will be
(Font)              scaled to size 9.0pt on input line 172.

Underfull \hbox (badness 10000) in paragraph at lines 187--188

 []


Underfull \hbox (badness 10000) in paragraph at lines 196--197

 []


Overfull \hbox (1.52998pt too wide) in paragraph at lines 184--201
[][]  []
 []



[2{/nix/store/v8dz5xyar6kbm6xscb44b18rmd80bci3-texlive-combined-full-2025.20250703-texmfdist/fonts/enc/dvips/raleway/a_2drkug.enc}] (./Curriculum Vitae - Szymon Kaszuba-Galka.aux)
 ***********
LaTeX2e <2025-06-01> patch level 1
L3 programming layer <2025-06-09>
 ***********


LaTeX Font Warning: Some font shapes were not available, defaults substituted.

Package rerunfilecheck Info: File `"Curriculum Vitae - Szymon Kaszuba-Galka".out' has not changed.
(rerunfilecheck)             Checksum: D41D8CD98F00B204E9800998ECF8427E;0.
 ) 
Here is how much of TeX's memory you used:
 24330 strings out of 467888
 491479 string characters out of 5405403
 892040 words of memory out of 5000000
 52473 multiletter control sequences out of 15000+600000
 763471 words of font info for 65 fonts, out of 8000000 for 9000
 1141 hyphenation exceptions out of 8191
 117i,8n,121p,587b,696s stack positions out of 10000i,1000n,20000p,200000b,200000s
</nix/store/v8dz5xyar6kbm6xscb44b18rmd80bci3-texlive-combined-full-2025.20250703-texmfdist/fonts/type1/public/fontawesome/FontAwesome.pfb></nix/store/v8dz5xyar6kbm6xscb44b18rmd80bci3-texlive-combined-full-2025.20250703-texmfdist/fonts/type1/impallari/raleway/Raleway-Bold.pfb></nix/store/v8dz5xyar6kbm6xscb44b18rmd80bci3-texlive-combined-full-2025.20250703-texmfdist/fonts/type1/impallari/raleway/Raleway-Regular.pfb>
Output written on "Curriculum Vitae - Szymon Kaszuba-Galka.pdf" (2 pages, 52031 bytes).
PDF statistics:
 50 PDF objects out of 1000 (max. 8388607)
 37 compressed objects within 1 object stream
 5 named destinations out of 1000 (max. 500000)
 13 words of extra memory for PDF output out of 10000 (max. 10000000)

